# JRE version: OpenJDK Runtime Environment (17.0.10) (build 17.0.10+0--11572160)
# Java VM: OpenJDK 64-Bit Server VM (17.0.10+0--11572160, mixed mode, tiered, compressed oops, compressed class ptrs, g1 gc, windows-amd64)
GC Precious Log:
 CPUs: 8 total, 8 available
 Memory: 16223M
 Large Page Support: Disabled
 NUMA Support: Disabled
 Compressed Oops: Enabled (32-bit)
 Heap Region Size: 1M
 Heap Min Capacity: 8M
 Heap Initial Capacity: 254M
 Heap Max Capacity: 2G
 Pre-touch: Disabled
 Parallel Workers: 8
 Concurrent Workers: 2
 Concurrent Refinement Workers: 8
 Periodic GC: Disabled
Heap:
 garbage-first heap   total 392192K, used 233630K [0x0000000080000000, 0x0000000100000000)
  region size 1024K, 20 young (20480K), 12 survivors (12288K)
 Metaspace       used 126283K, committed 127104K, reserved 1179648K
  class space    used 16625K, committed 17024K, reserved 1048576K
GC Heap History (20 events):
Event: 71.362 GC heap before
{Heap before GC invocations=41 (full 0):
 garbage-first heap   total 276480K, used 232162K [0x0000000080000000, 0x0000000100000000)
  region size 1024K, 82 young (83968K), 14 survivors (14336K)
 Metaspace       used 113299K, committed 114048K, reserved 1179648K
  class space    used 15251K, committed 15616K, reserved 1048576K
}
Event: 71.394 GC heap after
{Heap after GC invocations=42 (full 0):
 garbage-first heap   total 276480K, used 169721K [0x0000000080000000, 0x0000000100000000)
  region size 1024K, 11 young (11264K), 11 survivors (11264K)
 Metaspace       used 113299K, committed 114048K, reserved 1179648K
  class space    used 15251K, committed 15616K, reserved 1048576K
}
Event: 72.172 GC heap before
{Heap before GC invocations=42 (full 0):
 garbage-first heap   total 276480K, used 220921K [0x0000000080000000, 0x0000000100000000)
  region size 1024K, 61 young (62464K), 11 survivors (11264K)
 Metaspace       used 115955K, committed 116672K, reserved 1179648K
  class space    used 15586K, committed 15936K, reserved 1048576K
}
Event: 72.191 GC heap after
{Heap after GC invocations=43 (full 0):
 garbage-first heap   total 276480K, used 177146K [0x0000000080000000, 0x0000000100000000)
  region size 1024K, 5 young (5120K), 5 survivors (5120K)
 Metaspace       used 115955K, committed 116672K, reserved 1179648K
  class space    used 15586K, committed 15936K, reserved 1048576K
}
Event: 72.443 GC heap before
{Heap before GC invocations=43 (full 0):
 garbage-first heap   total 276480K, used 214010K [0x0000000080000000, 0x0000000100000000)
  region size 1024K, 18 young (18432K), 5 survivors (5120K)
 Metaspace       used 116051K, committed 116800K, reserved 1179648K
  class space    used 15595K, committed 16000K, reserved 1048576K
}
Event: 72.460 GC heap after
{Heap after GC invocations=44 (full 0):
 garbage-first heap   total 392192K, used 190800K [0x0000000080000000, 0x0000000100000000)
  region size 1024K, 7 young (7168K), 7 survivors (7168K)
 Metaspace       used 116051K, committed 116800K, reserved 1179648K
  class space    used 15595K, committed 16000K, reserved 1048576K
}
Event: 73.259 GC heap before
{Heap before GC invocations=44 (full 0):
 garbage-first heap   total 392192K, used 299344K [0x0000000080000000, 0x0000000100000000)
  region size 1024K, 108 young (110592K), 7 survivors (7168K)
 Metaspace       used 119743K, committed 120576K, reserved 1179648K
  class space    used 15903K, committed 16320K, reserved 1048576K
}
Event: 73.277 GC heap after
{Heap after GC invocations=45 (full 0):
 garbage-first heap   total 392192K, used 199839K [0x0000000080000000, 0x0000000100000000)
  region size 1024K, 14 young (14336K), 14 survivors (14336K)
 Metaspace       used 119743K, committed 120576K, reserved 1179648K
  class space    used 15903K, committed 16320K, reserved 1048576K
}
Event: 73.888 GC heap before
{Heap before GC invocations=45 (full 0):
 garbage-first heap   total 392192K, used 307359K [0x0000000080000000, 0x0000000100000000)
  region size 1024K, 111 young (113664K), 14 survivors (14336K)
 Metaspace       used 120429K, committed 121280K, reserved 1179648K
  class space    used 15948K, committed 16384K, reserved 1048576K
}
Event: 73.905 GC heap after
{Heap after GC invocations=46 (full 0):
 garbage-first heap   total 392192K, used 198690K [0x0000000080000000, 0x0000000100000000)
  region size 1024K, 5 young (5120K), 5 survivors (5120K)
 Metaspace       used 120429K, committed 121280K, reserved 1179648K
  class space    used 15948K, committed 16384K, reserved 1048576K
}
Event: 74.604 GC heap before
{Heap before GC invocations=46 (full 0):
 garbage-first heap   total 392192K, used 307234K [0x0000000080000000, 0x0000000100000000)
  region size 1024K, 109 young (111616K), 5 survivors (5120K)
 Metaspace       used 121995K, committed 122816K, reserved 1179648K
  class space    used 16111K, committed 16512K, reserved 1048576K
}
Event: 74.615 GC heap after
{Heap after GC invocations=47 (full 0):
 garbage-first heap   total 392192K, used 202065K [0x0000000080000000, 0x0000000100000000)
  region size 1024K, 8 young (8192K), 8 survivors (8192K)
 Metaspace       used 121995K, committed 122816K, reserved 1179648K
  class space    used 16111K, committed 16512K, reserved 1048576K
}
Event: 75.776 GC heap before
{Heap before GC invocations=47 (full 0):
 garbage-first heap   total 392192K, used 312657K [0x0000000080000000, 0x0000000100000000)
  region size 1024K, 115 young (117760K), 8 survivors (8192K)
 Metaspace       used 123336K, committed 124160K, reserved 1179648K
  class space    used 16255K, committed 16704K, reserved 1048576K
}
Event: 75.791 GC heap after
{Heap after GC invocations=48 (full 0):
 garbage-first heap   total 392192K, used 208700K [0x0000000080000000, 0x0000000100000000)
  region size 1024K, 12 young (12288K), 12 survivors (12288K)
 Metaspace       used 123336K, committed 124160K, reserved 1179648K
  class space    used 16255K, committed 16704K, reserved 1048576K
}
Event: 76.896 GC heap before
{Heap before GC invocations=48 (full 0):
 garbage-first heap   total 392192K, used 315196K [0x0000000080000000, 0x0000000100000000)
  region size 1024K, 117 young (119808K), 12 survivors (12288K)
 Metaspace       used 125111K, committed 125952K, reserved 1179648K
  class space    used 16475K, committed 16896K, reserved 1048576K
}
Event: 76.920 GC heap after
{Heap after GC invocations=49 (full 0):
 garbage-first heap   total 392192K, used 216672K [0x0000000080000000, 0x0000000100000000)
  region size 1024K, 15 young (15360K), 15 survivors (15360K)
 Metaspace       used 125111K, committed 125952K, reserved 1179648K
  class space    used 16475K, committed 16896K, reserved 1048576K
}
Event: 77.527 GC heap before
{Heap before GC invocations=49 (full 0):
 garbage-first heap   total 392192K, used 319072K [0x0000000080000000, 0x0000000100000000)
  region size 1024K, 116 young (118784K), 15 survivors (15360K)
 Metaspace       used 125376K, committed 126272K, reserved 1179648K
  class space    used 16511K, committed 16960K, reserved 1048576K
}
Event: 77.545 GC heap after
{Heap after GC invocations=50 (full 0):
 garbage-first heap   total 392192K, used 222843K [0x0000000080000000, 0x0000000100000000)
  region size 1024K, 8 young (8192K), 8 survivors (8192K)
 Metaspace       used 125376K, committed 126272K, reserved 1179648K
  class space    used 16511K, committed 16960K, reserved 1048576K
}
Event: 78.122 GC heap before
{Heap before GC invocations=50 (full 0):
 garbage-first heap   total 392192K, used 323195K [0x0000000080000000, 0x0000000100000000)
  region size 1024K, 107 young (109568K), 8 survivors (8192K)
 Metaspace       used 125965K, committed 126848K, reserved 1179648K
  class space    used 16583K, committed 17024K, reserved 1048576K
}
Event: 78.134 GC heap after
{Heap after GC invocations=51 (full 0):
 garbage-first heap   total 392192K, used 226462K [0x0000000080000000, 0x0000000100000000)
  region size 1024K, 12 young (12288K), 12 survivors (12288K)
 Metaspace       used 125965K, committed 126848K, reserved 1179648K
  class space    used 16583K, committed 17024K, reserved 1048576K
}

