# JRE version: OpenJDK Runtime Environment (17.0.10) (build 17.0.10+0--11572160)
# Java VM: OpenJDK 64-Bit Server VM (17.0.10+0--11572160, mixed mode, tiered, compressed oops, compressed class ptrs, g1 gc, windows-amd64)
GC Precious Log:
 CPUs: 8 total, 8 available
 Memory: 16223M
 Large Page Support: Disabled
 NUMA Support: Disabled
 Compressed Oops: Enabled (32-bit)
 Heap Region Size: 1M
 Heap Min Capacity: 8M
 Heap Initial Capacity: 254M
 Heap Max Capacity: 2G
 Pre-touch: Disabled
 Parallel Workers: 8
 Concurrent Workers: 2
 Concurrent Refinement Workers: 8
 Periodic GC: Disabled
Heap:
 garbage-first heap   total 420864K, used 259304K [0x0000000080000000, 0x0000000100000000)
  region size 1024K, 8 young (8192K), 4 survivors (4096K)
 Metaspace       used 111952K, committed 112832K, reserved 1179648K
  class space    used 15263K, committed 15680K, reserved 1048576K
GC Heap History (20 events):
Event: 17.696 GC heap before
{Heap before GC invocations=48 (full 0):
 garbage-first heap   total 181248K, used 152928K [0x0000000080000000, 0x0000000100000000)
  region size 1024K, 58 young (59392K), 4 survivors (4096K)
 Metaspace       used 102221K, committed 102848K, reserved 1179648K
  class space    used 14137K, committed 14464K, reserved 1048576K
}
Event: 17.710 GC heap after
{Heap after GC invocations=49 (full 0):
 garbage-first heap   total 181248K, used 100283K [0x0000000080000000, 0x0000000100000000)
  region size 1024K, 8 young (8192K), 8 survivors (8192K)
 Metaspace       used 102221K, committed 102848K, reserved 1179648K
  class space    used 14137K, committed 14464K, reserved 1048576K
}
Event: 17.735 GC heap before
{Heap before GC invocations=49 (full 0):
 garbage-first heap   total 181248K, used 101307K [0x0000000080000000, 0x0000000100000000)
  region size 1024K, 9 young (9216K), 8 survivors (8192K)
 Metaspace       used 102240K, committed 102912K, reserved 1179648K
  class space    used 14138K, committed 14464K, reserved 1048576K
}
Event: 17.749 GC heap after
{Heap after GC invocations=50 (full 0):
 garbage-first heap   total 181248K, used 100836K [0x0000000080000000, 0x0000000100000000)
  region size 1024K, 1 young (1024K), 1 survivors (1024K)
 Metaspace       used 102240K, committed 102912K, reserved 1179648K
  class space    used 14138K, committed 14464K, reserved 1048576K
}
Event: 18.507 GC heap before
{Heap before GC invocations=50 (full 0):
 garbage-first heap   total 181248K, used 146916K [0x0000000080000000, 0x0000000100000000)
  region size 1024K, 47 young (48128K), 1 survivors (1024K)
 Metaspace       used 103224K, committed 103936K, reserved 1179648K
  class space    used 14290K, committed 14656K, reserved 1048576K
}
Event: 18.519 GC heap after
{Heap after GC invocations=51 (full 0):
 garbage-first heap   total 181248K, used 109050K [0x0000000080000000, 0x0000000100000000)
  region size 1024K, 6 young (6144K), 6 survivors (6144K)
 Metaspace       used 103224K, committed 103936K, reserved 1179648K
  class space    used 14290K, committed 14656K, reserved 1048576K
}
Event: 18.827 GC heap before
{Heap before GC invocations=51 (full 0):
 garbage-first heap   total 181248K, used 147962K [0x0000000080000000, 0x0000000100000000)
  region size 1024K, 44 young (45056K), 6 survivors (6144K)
 Metaspace       used 103347K, committed 104064K, reserved 1179648K
  class space    used 14291K, committed 14656K, reserved 1048576K
}
Event: 18.841 GC heap after
{Heap after GC invocations=52 (full 0):
 garbage-first heap   total 420864K, used 112622K [0x0000000080000000, 0x0000000100000000)
  region size 1024K, 4 young (4096K), 4 survivors (4096K)
 Metaspace       used 103347K, committed 104064K, reserved 1179648K
  class space    used 14291K, committed 14656K, reserved 1048576K
}
Event: 21.538 GC heap before
{Heap before GC invocations=52 (full 0):
 garbage-first heap   total 420864K, used 324590K [0x0000000080000000, 0x0000000100000000)
  region size 1024K, 210 young (215040K), 4 survivors (4096K)
 Metaspace       used 106840K, committed 107520K, reserved 1179648K
  class space    used 14647K, committed 14976K, reserved 1048576K
}
Event: 21.557 GC heap after
{Heap after GC invocations=53 (full 0):
 garbage-first heap   total 420864K, used 125544K [0x0000000080000000, 0x0000000100000000)
  region size 1024K, 17 young (17408K), 17 survivors (17408K)
 Metaspace       used 106840K, committed 107520K, reserved 1179648K
  class space    used 14647K, committed 14976K, reserved 1048576K
}
Event: 22.881 GC heap before
{Heap before GC invocations=53 (full 0):
 garbage-first heap   total 420864K, used 317032K [0x0000000080000000, 0x0000000100000000)
  region size 1024K, 205 young (209920K), 17 survivors (17408K)
 Metaspace       used 107825K, committed 108608K, reserved 1179648K
  class space    used 14787K, committed 15168K, reserved 1048576K
}
Event: 22.904 GC heap after
{Heap after GC invocations=54 (full 0):
 garbage-first heap   total 420864K, used 136160K [0x0000000080000000, 0x0000000100000000)
  region size 1024K, 14 young (14336K), 14 survivors (14336K)
 Metaspace       used 107825K, committed 108608K, reserved 1179648K
  class space    used 14787K, committed 15168K, reserved 1048576K
}
Event: 25.760 GC heap before
{Heap before GC invocations=54 (full 0):
 garbage-first heap   total 420864K, used 324576K [0x0000000080000000, 0x0000000100000000)
  region size 1024K, 199 young (203776K), 14 survivors (14336K)
 Metaspace       used 109913K, committed 110656K, reserved 1179648K
  class space    used 15032K, committed 15424K, reserved 1048576K
}
Event: 25.785 GC heap after
{Heap after GC invocations=55 (full 0):
 garbage-first heap   total 420864K, used 145333K [0x0000000080000000, 0x0000000100000000)
  region size 1024K, 23 young (23552K), 23 survivors (23552K)
 Metaspace       used 109913K, committed 110656K, reserved 1179648K
  class space    used 15032K, committed 15424K, reserved 1048576K
}
Event: 27.114 GC heap before
{Heap before GC invocations=55 (full 0):
 garbage-first heap   total 420864K, used 332725K [0x0000000080000000, 0x0000000100000000)
  region size 1024K, 207 young (211968K), 23 survivors (23552K)
 Metaspace       used 110029K, committed 110784K, reserved 1179648K
  class space    used 15037K, committed 15424K, reserved 1048576K
}
Event: 27.143 GC heap after
{Heap after GC invocations=56 (full 0):
 garbage-first heap   total 420864K, used 154183K [0x0000000080000000, 0x0000000100000000)
  region size 1024K, 21 young (21504K), 21 survivors (21504K)
 Metaspace       used 110029K, committed 110784K, reserved 1179648K
  class space    used 15037K, committed 15424K, reserved 1048576K
}
Event: 28.542 GC heap before
{Heap before GC invocations=56 (full 0):
 garbage-first heap   total 420864K, used 365127K [0x0000000080000000, 0x0000000100000000)
  region size 1024K, 184 young (188416K), 21 survivors (21504K)
 Metaspace       used 111783K, committed 112576K, reserved 1179648K
  class space    used 15251K, committed 15616K, reserved 1048576K
}
Event: 28.565 GC heap after
{Heap after GC invocations=57 (full 0):
 garbage-first heap   total 420864K, used 209480K [0x0000000080000000, 0x0000000100000000)
  region size 1024K, 23 young (23552K), 23 survivors (23552K)
 Metaspace       used 111783K, committed 112576K, reserved 1179648K
  class space    used 15251K, committed 15616K, reserved 1048576K
}
Event: 28.609 GC heap before
{Heap before GC invocations=57 (full 0):
 garbage-first heap   total 420864K, used 255560K [0x0000000080000000, 0x0000000100000000)
  region size 1024K, 28 young (28672K), 23 survivors (23552K)
 Metaspace       used 111802K, committed 112576K, reserved 1179648K
  class space    used 15255K, committed 15616K, reserved 1048576K
}
Event: 28.626 GC heap after
{Heap after GC invocations=58 (full 0):
 garbage-first heap   total 420864K, used 244968K [0x0000000080000000, 0x0000000100000000)
  region size 1024K, 4 young (4096K), 4 survivors (4096K)
 Metaspace       used 111802K, committed 112576K, reserved 1179648K
  class space    used 15255K, committed 15616K, reserved 1048576K
}

