# JRE version: OpenJDK Runtime Environment (17.0.10) (build 17.0.10+0--11572160)
# Java VM: OpenJDK 64-Bit Server VM (17.0.10+0--11572160, mixed mode, tiered, compressed oops, compressed class ptrs, g1 gc, windows-amd64)
GC Precious Log:
 CPUs: 8 total, 8 available
 Memory: 16223M
 Large Page Support: Disabled
 NUMA Support: Disabled
 Compressed Oops: Enabled (32-bit)
 Heap Region Size: 1M
 Heap Min Capacity: 8M
 Heap Initial Capacity: 254M
 Heap Max Capacity: 2G
 Pre-touch: Disabled
 Parallel Workers: 8
 Concurrent Workers: 2
 Concurrent Refinement Workers: 8
 Periodic GC: Disabled
Heap:
 garbage-first heap   total 209920K, used 83792K [0x0000000080000000, 0x0000000100000000)
  region size 1024K, 2 young (2048K), 2 survivors (2048K)
 Metaspace       used 82906K, committed 83520K, reserved 1179648K
  class space    used 11267K, committed 11584K, reserved 1048576K
GC Heap History (20 events):
Event: 10.134 GC heap after
{Heap after GC invocations=24 (full 0):
 garbage-first heap   total 116736K, used 65738K [0x0000000080000000, 0x0000000100000000)
  region size 1024K, 2 young (2048K), 2 survivors (2048K)
 Metaspace       used 62671K, committed 63232K, reserved 1114112K
  class space    used 8633K, committed 8896K, reserved 1048576K
}
Event: 10.191 GC heap before
{Heap before GC invocations=24 (full 0):
 garbage-first heap   total 116736K, used 68810K [0x0000000080000000, 0x0000000100000000)
  region size 1024K, 5 young (5120K), 2 survivors (2048K)
 Metaspace       used 63008K, committed 63488K, reserved 1114112K
  class space    used 8677K, committed 8896K, reserved 1048576K
}
Event: 10.193 GC heap after
{Heap after GC invocations=25 (full 0):
 garbage-first heap   total 142336K, used 65301K [0x0000000080000000, 0x0000000100000000)
  region size 1024K, 1 young (1024K), 1 survivors (1024K)
 Metaspace       used 63008K, committed 63488K, reserved 1114112K
  class space    used 8677K, committed 8896K, reserved 1048576K
}
Event: 10.715 GC heap before
{Heap before GC invocations=25 (full 0):
 garbage-first heap   total 142336K, used 103189K [0x0000000080000000, 0x0000000100000000)
  region size 1024K, 38 young (38912K), 1 survivors (1024K)
 Metaspace       used 66174K, committed 66688K, reserved 1114112K
  class space    used 9131K, committed 9344K, reserved 1048576K
}
Event: 10.718 GC heap after
{Heap after GC invocations=26 (full 0):
 garbage-first heap   total 142336K, used 66640K [0x0000000080000000, 0x0000000100000000)
  region size 1024K, 2 young (2048K), 2 survivors (2048K)
 Metaspace       used 66174K, committed 66688K, reserved 1114112K
  class space    used 9131K, committed 9344K, reserved 1048576K
}
Event: 11.158 GC heap before
{Heap before GC invocations=27 (full 0):
 garbage-first heap   total 142336K, used 108624K [0x0000000080000000, 0x0000000100000000)
  region size 1024K, 41 young (41984K), 2 survivors (2048K)
 Metaspace       used 69077K, committed 69632K, reserved 1114112K
  class space    used 9530K, committed 9792K, reserved 1048576K
}
Event: 11.162 GC heap after
{Heap after GC invocations=28 (full 0):
 garbage-first heap   total 142336K, used 71082K [0x0000000080000000, 0x0000000100000000)
  region size 1024K, 4 young (4096K), 4 survivors (4096K)
 Metaspace       used 69077K, committed 69632K, reserved 1114112K
  class space    used 9530K, committed 9792K, reserved 1048576K
}
Event: 11.176 GC heap before
{Heap before GC invocations=28 (full 0):
 garbage-first heap   total 142336K, used 73130K [0x0000000080000000, 0x0000000100000000)
  region size 1024K, 6 young (6144K), 4 survivors (4096K)
 Metaspace       used 69272K, committed 69824K, reserved 1114112K
  class space    used 9559K, committed 9792K, reserved 1048576K
}
Event: 11.181 GC heap after
{Heap after GC invocations=29 (full 0):
 garbage-first heap   total 142336K, used 71189K [0x0000000080000000, 0x0000000100000000)
  region size 1024K, 1 young (1024K), 1 survivors (1024K)
 Metaspace       used 69272K, committed 69824K, reserved 1114112K
  class space    used 9559K, committed 9792K, reserved 1048576K
}
Event: 11.515 GC heap before
{Heap before GC invocations=29 (full 0):
 garbage-first heap   total 142336K, used 109077K [0x0000000080000000, 0x0000000100000000)
  region size 1024K, 38 young (38912K), 1 survivors (1024K)
 Metaspace       used 73153K, committed 73728K, reserved 1114112K
  class space    used 9959K, committed 10240K, reserved 1048576K
}
Event: 11.518 GC heap after
{Heap after GC invocations=30 (full 0):
 garbage-first heap   total 142336K, used 71816K [0x0000000080000000, 0x0000000100000000)
  region size 1024K, 2 young (2048K), 2 survivors (2048K)
 Metaspace       used 73153K, committed 73728K, reserved 1114112K
  class space    used 9959K, committed 10240K, reserved 1048576K
}
Event: 12.037 GC heap before
{Heap before GC invocations=31 (full 0):
 garbage-first heap   total 142336K, used 117896K [0x0000000080000000, 0x0000000100000000)
  region size 1024K, 41 young (41984K), 2 survivors (2048K)
 Metaspace       used 76326K, committed 76864K, reserved 1179648K
  class space    used 10367K, committed 10624K, reserved 1048576K
}
Event: 12.040 GC heap after
{Heap after GC invocations=32 (full 0):
 garbage-first heap   total 142336K, used 76393K [0x0000000080000000, 0x0000000100000000)
  region size 1024K, 6 young (6144K), 6 survivors (6144K)
 Metaspace       used 76326K, committed 76864K, reserved 1179648K
  class space    used 10367K, committed 10624K, reserved 1048576K
}
Event: 12.049 GC heap before
{Heap before GC invocations=32 (full 0):
 garbage-first heap   total 142336K, used 76393K [0x0000000080000000, 0x0000000100000000)
  region size 1024K, 7 young (7168K), 6 survivors (6144K)
 Metaspace       used 76419K, committed 76992K, reserved 1179648K
  class space    used 10380K, committed 10688K, reserved 1048576K
}
Event: 12.053 GC heap after
{Heap after GC invocations=33 (full 0):
 garbage-first heap   total 142336K, used 76284K [0x0000000080000000, 0x0000000100000000)
  region size 1024K, 1 young (1024K), 1 survivors (1024K)
 Metaspace       used 76419K, committed 76992K, reserved 1179648K
  class space    used 10380K, committed 10688K, reserved 1048576K
}
Event: 12.566 GC heap before
{Heap before GC invocations=33 (full 0):
 garbage-first heap   total 142336K, used 113148K [0x0000000080000000, 0x0000000100000000)
  region size 1024K, 37 young (37888K), 1 survivors (1024K)
 Metaspace       used 79197K, committed 79808K, reserved 1179648K
  class space    used 10752K, committed 11072K, reserved 1048576K
}
Event: 12.569 GC heap after
{Heap after GC invocations=34 (full 0):
 garbage-first heap   total 142336K, used 77575K [0x0000000080000000, 0x0000000100000000)
  region size 1024K, 2 young (2048K), 2 survivors (2048K)
 Metaspace       used 79197K, committed 79808K, reserved 1179648K
  class space    used 10752K, committed 11072K, reserved 1048576K
}
Event: 13.100 GC heap before
{Heap before GC invocations=34 (full 0):
 garbage-first heap   total 142336K, used 115463K [0x0000000080000000, 0x0000000100000000)
  region size 1024K, 39 young (39936K), 2 survivors (2048K)
 Metaspace       used 80464K, committed 81088K, reserved 1179648K
  class space    used 10925K, committed 11200K, reserved 1048576K
}
Event: 13.107 GC heap after
{Heap after GC invocations=35 (full 0):
 garbage-first heap   total 142336K, used 82115K [0x0000000080000000, 0x0000000100000000)
  region size 1024K, 5 young (5120K), 5 survivors (5120K)
 Metaspace       used 80464K, committed 81088K, reserved 1179648K
  class space    used 10925K, committed 11200K, reserved 1048576K
}
Event: 13.546 GC heap before
{Heap before GC invocations=35 (full 0):
 garbage-first heap   total 142336K, used 114883K [0x0000000080000000, 0x0000000100000000)
  region size 1024K, 37 young (37888K), 5 survivors (5120K)
 Metaspace       used 82906K, committed 83520K, reserved 1179648K
  class space    used 11267K, committed 11584K, reserved 1048576K
}

