# JRE version: OpenJDK Runtime Environment (17.0.10) (build 17.0.10+0--11572160)
# Java VM: OpenJDK 64-Bit Server VM (17.0.10+0--11572160, mixed mode, tiered, compressed oops, compressed class ptrs, g1 gc, windows-amd64)
GC Precious Log:
 CPUs: 8 total, 8 available
 Memory: 16223M
 Large Page Support: Disabled
 NUMA Support: Disabled
 Compressed Oops: Enabled (32-bit)
 Heap Region Size: 1M
 Heap Min Capacity: 8M
 Heap Initial Capacity: 254M
 Heap Max Capacity: 2G
 Pre-touch: Disabled
 Parallel Workers: 8
 Concurrent Workers: 2
 Concurrent Refinement Workers: 8
 Periodic GC: Disabled
Heap:
 garbage-first heap   total 476160K, used 252416K [0x0000000080000000, 0x0000000100000000)
  region size 1024K, 16 young (16384K), 16 survivors (16384K)
 Metaspace       used 131627K, committed 132544K, reserved 1179648K
  class space    used 17379K, committed 17856K, reserved 1048576K
GC Heap History (20 events):
Event: 43.187 GC heap after
{Heap after GC invocations=63 (full 0):
 garbage-first heap   total 476160K, used 243852K [0x0000000080000000, 0x0000000100000000)
  region size 1024K, 2 young (2048K), 2 survivors (2048K)
 Metaspace       used 119875K, committed 120704K, reserved 1179648K
  class space    used 16161K, committed 16576K, reserved 1048576K
}
Event: 43.933 GC heap before
{Heap before GC invocations=63 (full 0):
 garbage-first heap   total 476160K, used 386188K [0x0000000080000000, 0x0000000100000000)
  region size 1024K, 142 young (145408K), 2 survivors (2048K)
 Metaspace       used 120918K, committed 121792K, reserved 1179648K
  class space    used 16256K, committed 16704K, reserved 1048576K
}
Event: 43.940 GC heap after
{Heap after GC invocations=64 (full 0):
 garbage-first heap   total 476160K, used 249131K [0x0000000080000000, 0x0000000100000000)
  region size 1024K, 7 young (7168K), 7 survivors (7168K)
 Metaspace       used 120918K, committed 121792K, reserved 1179648K
  class space    used 16256K, committed 16704K, reserved 1048576K
}
Event: 45.150 GC heap before
{Heap before GC invocations=65 (full 0):
 garbage-first heap   total 476160K, used 335329K [0x0000000080000000, 0x0000000100000000)
  region size 1024K, 146 young (149504K), 7 survivors (7168K)
 Metaspace       used 123194K, committed 124096K, reserved 1179648K
  class space    used 16498K, committed 16960K, reserved 1048576K
}
Event: 45.157 GC heap after
{Heap after GC invocations=66 (full 0):
 garbage-first heap   total 476160K, used 189836K [0x0000000080000000, 0x0000000100000000)
  region size 1024K, 4 young (4096K), 4 survivors (4096K)
 Metaspace       used 123194K, committed 124096K, reserved 1179648K
  class space    used 16498K, committed 16960K, reserved 1048576K
}
Event: 45.223 GC heap before
{Heap before GC invocations=66 (full 0):
 garbage-first heap   total 476160K, used 208268K [0x0000000080000000, 0x0000000100000000)
  region size 1024K, 23 young (23552K), 4 survivors (4096K)
 Metaspace       used 123273K, committed 124160K, reserved 1179648K
  class space    used 16506K, committed 16960K, reserved 1048576K
}
Event: 45.233 GC heap after
{Heap after GC invocations=67 (full 0):
 garbage-first heap   total 476160K, used 186173K [0x0000000080000000, 0x0000000100000000)
  region size 1024K, 3 young (3072K), 3 survivors (3072K)
 Metaspace       used 123273K, committed 124160K, reserved 1179648K
  class space    used 16506K, committed 16960K, reserved 1048576K
}
Event: 45.982 GC heap before
{Heap before GC invocations=67 (full 0):
 garbage-first heap   total 476160K, used 389949K [0x0000000080000000, 0x0000000100000000)
  region size 1024K, 203 young (207872K), 3 survivors (3072K)
 Metaspace       used 123361K, committed 124224K, reserved 1179648K
  class space    used 16510K, committed 16960K, reserved 1048576K
}
Event: 46.031 GC heap after
{Heap after GC invocations=68 (full 0):
 garbage-first heap   total 476160K, used 227508K [0x0000000080000000, 0x0000000100000000)
  region size 1024K, 26 young (26624K), 26 survivors (26624K)
 Metaspace       used 123361K, committed 124224K, reserved 1179648K
  class space    used 16510K, committed 16960K, reserved 1048576K
}
Event: 69.184 GC heap before
{Heap before GC invocations=69 (full 0):
 garbage-first heap   total 476160K, used 362676K [0x0000000080000000, 0x0000000100000000)
  region size 1024K, 159 young (162816K), 26 survivors (26624K)
 Metaspace       used 130834K, committed 131776K, reserved 1179648K
  class space    used 17327K, committed 17792K, reserved 1048576K
}
Event: 69.215 GC heap after
{Heap after GC invocations=70 (full 0):
 garbage-first heap   total 476160K, used 221153K [0x0000000080000000, 0x0000000100000000)
  region size 1024K, 7 young (7168K), 7 survivors (7168K)
 Metaspace       used 130834K, committed 131776K, reserved 1179648K
  class space    used 17327K, committed 17792K, reserved 1048576K
}
Event: 69.509 GC heap before
{Heap before GC invocations=70 (full 0):
 garbage-first heap   total 476160K, used 236513K [0x0000000080000000, 0x0000000100000000)
  region size 1024K, 23 young (23552K), 7 survivors (7168K)
 Metaspace       used 130881K, committed 131776K, reserved 1179648K
  class space    used 17329K, committed 17792K, reserved 1048576K
}
Event: 69.529 GC heap after
{Heap after GC invocations=71 (full 0):
 garbage-first heap   total 476160K, used 217393K [0x0000000080000000, 0x0000000100000000)
  region size 1024K, 3 young (3072K), 3 survivors (3072K)
 Metaspace       used 130881K, committed 131776K, reserved 1179648K
  class space    used 17329K, committed 17792K, reserved 1048576K
}
Event: 72.496 GC heap before
{Heap before GC invocations=71 (full 0):
 garbage-first heap   total 476160K, used 372017K [0x0000000080000000, 0x0000000100000000)
  region size 1024K, 154 young (157696K), 3 survivors (3072K)
 Metaspace       used 131490K, committed 132480K, reserved 1179648K
  class space    used 17372K, committed 17856K, reserved 1048576K
}
Event: 72.522 GC heap after
{Heap after GC invocations=72 (full 0):
 garbage-first heap   total 476160K, used 231588K [0x0000000080000000, 0x0000000100000000)
  region size 1024K, 17 young (17408K), 17 survivors (17408K)
 Metaspace       used 131490K, committed 132480K, reserved 1179648K
  class space    used 17372K, committed 17856K, reserved 1048576K
}
Event: 73.931 GC heap before
{Heap before GC invocations=73 (full 0):
 garbage-first heap   total 476160K, used 351396K [0x0000000080000000, 0x0000000100000000)
  region size 1024K, 156 young (159744K), 17 survivors (17408K)
 Metaspace       used 131623K, committed 132544K, reserved 1179648K
  class space    used 17379K, committed 17856K, reserved 1048576K
}
Event: 73.982 GC heap after
{Heap after GC invocations=74 (full 0):
 garbage-first heap   total 476160K, used 255468K [0x0000000080000000, 0x0000000100000000)
  region size 1024K, 20 young (20480K), 20 survivors (20480K)
 Metaspace       used 131623K, committed 132544K, reserved 1179648K
  class space    used 17379K, committed 17856K, reserved 1048576K
}
Event: 73.995 GC heap before
{Heap before GC invocations=74 (full 0):
 garbage-first heap   total 476160K, used 258540K [0x0000000080000000, 0x0000000100000000)
  region size 1024K, 23 young (23552K), 20 survivors (20480K)
 Metaspace       used 131623K, committed 132544K, reserved 1179648K
  class space    used 17379K, committed 17856K, reserved 1048576K
}
Event: 74.044 GC heap after
{Heap after GC invocations=75 (full 0):
 garbage-first heap   total 476160K, used 228864K [0x0000000080000000, 0x0000000100000000)
  region size 1024K, 3 young (3072K), 3 survivors (3072K)
 Metaspace       used 131623K, committed 132544K, reserved 1179648K
  class space    used 17379K, committed 17856K, reserved 1048576K
}
Event: 74.183 GC heap before
{Heap before GC invocations=75 (full 0):
 garbage-first heap   total 476160K, used 261632K [0x0000000080000000, 0x0000000100000000)
  region size 1024K, 36 young (36864K), 3 survivors (3072K)
 Metaspace       used 131627K, committed 132544K, reserved 1179648K
  class space    used 17379K, committed 17856K, reserved 1048576K
}

